-------------------------------------------------------------------------------
Test set: TestSuite
-------------------------------------------------------------------------------
Tests run: 1, Failures: 1, Errors: 0, Skipped: 0, Time elapsed: 0.829 s <<< FAILURE! - in TestSuite
Runners.Run.runScenario["User should be able to login with valid credentials", "Optional[Web login]"](1)  Time elapsed: 0.176 s  <<< FAILURE!
java.lang.IllegalStateException: The driver executable must exist: /Users/muhammadriduwan4747/Documents/learn-unit-test/maven-bdd-selenium/linuxchromedriver

